{
  "RSpec": {
    "coverage": {
      "/Users/lbarenchi/Documents/Facultad/PIS/pruebaDamian/app/models/user.rb": [
        1,
        1,
        null,
        null,
        1,
        null,
        null
      ],
      "/Users/lbarenchi/Documents/Facultad/PIS/pruebaDamian/app/models/application_record.rb": [
        1,
        1,
        null
      ],
      "/Users/lbarenchi/Documents/Facultad/PIS/pruebaDamian/spec/requests/status_spec.rb": [
        1,
        null,
        1,
        1,
        1,
        1,
        1,
        1,
        null,
        null,
        null
      ],
      "/Users/lbarenchi/Documents/Facultad/PIS/pruebaDamian/app/controllers/status_controller.rb": [
        1,
        1,
        1,
        null,
        null,
        null,
        null,
        1,
        0,
        null,
        null,
        null,
        null
      ],
      "/Users/lbarenchi/Documents/Facultad/PIS/pruebaDamian/app/controllers/application_controller.rb": [
        1,
        null
      ]
    },
    "timestamp": 1567085729
  }
}
